    <interface type='bridge'>
      <source bridge='bridge1'/>
      <model type='rtl8139'/>
    </interface>
    <interface type='bridge'>
      <source bridge='bridge2'/>
      <model type='rtl8139'/>
      <mac address='52:54:00:01:02:03'/>
    </interface>
    <interface type='network'>
      <source network='network1'/>
      <model type='rtl8139'/>
      <mac address='52:54:00:01:02:04'/>
    </interface>
    <interface type='network'>
      <source network='network2'/>
      <model type='rtl8139'/>
      <mac address='52:54:00:01:02:05'/>
    </interface>
    <interface type='network'>
      <source network='network3'/>
      <model type='rtl8139'/>
      <mac address='52:54:00:01:02:06'/>
    </interface>
    <interface type='network'>
      <source network='network4'/>
      <model type='rtl8139'/>
      <mac address='52:54:00:01:02:07'/>
    </interface>
    <interface type='network'>
      <source network='network4'/>
      <model type='rtl8139'/>
      <mac address='52:54:00:01:02:08'/>
    </interface>
